\BOOKMARK [1][-]{section.1}{\376\377\000I\000n\000t\000r\000o\000d\000u\000z\000i\000o\000n\000e}{}% 1
\BOOKMARK [2][-]{subsection.1.1}{\376\377\000C\000h\000e\000\040\000c\000o\000s\000a\000\040\000\350\000\040\000u\000n\000\040\000s\000i\000s\000t\000e\000m\000a\000\040\000d\000i\000s\000t\000r\000i\000b\000u\000i\000t\000o\000?}{section.1}% 2
\BOOKMARK [2][-]{subsection.1.2}{\376\377\000C\000a\000r\000a\000t\000t\000e\000r\000i\000s\000t\000i\000c\000h\000e}{section.1}% 3
\BOOKMARK [2][-]{subsection.1.3}{\376\377\000G\000r\000u\000p\000p\000i}{section.1}% 4
\BOOKMARK [1][-]{section.2}{\376\377\000A\000r\000c\000h\000i\000t\000e\000t\000t\000u\000r\000e\000\040\000S\000o\000f\000t\000w\000a\000r\000e}{}% 5
\BOOKMARK [2][-]{subsection.2.1}{\376\377\000T\000i\000p\000i\000\040\000d\000i\000\040\000l\000a\000y\000e\000r}{section.2}% 6
\BOOKMARK [2][-]{subsection.2.2}{\376\377\000D\000i\000v\000e\000r\000s\000i\000\040\000t\000i\000p\000i\000\040\000d\000i\000\040\000S\000i\000s\000t\000e\000m\000i\000\040\000D\000i\000s\000t\000r\000i\000b\000u\000i\000t\000i}{section.2}% 7
\BOOKMARK [1][-]{section.3}{\376\377\000I\000l\000\040\000M\000o\000d\000e\000l\000l\000o\000\040\000C\000l\000i\000e\000n\000t\000-\000S\000e\000r\000v\000e\000r}{}% 8
\BOOKMARK [2][-]{subsection.3.1}{\376\377\000P\000r\000o\000b\000l\000e\000m\000i\000\040\000F\000o\000n\000d\000a\000m\000e\000n\000t\000a\000l\000i}{section.3}% 9
\BOOKMARK [2][-]{subsection.3.2}{\376\377\000T\000r\000a\000s\000p\000a\000r\000e\000n\000z\000a}{section.3}% 10
\BOOKMARK [3][-]{subsubsection.3.2.1}{\376\377\000I\000n\000f\000o\000r\000m\000a\000t\000i\000o\000n\000\040\000H\000i\000d\000i\000n\000g}{subsection.3.2}% 11
\BOOKMARK [2][-]{subsection.3.3}{\376\377\000I\000l\000\040\000c\000o\000n\000c\000e\000t\000t\000o\000\040\000d\000i\000\040\000P\000r\000o\000t\000o\000c\000o\000l\000l\000o}{section.3}% 12
\BOOKMARK [1][-]{section.4}{\376\377\000L\000e\000\040\000S\000o\000c\000k\000e\000t}{}% 13
\BOOKMARK [2][-]{subsection.4.1}{\376\377\000S\000e\000r\000v\000i\000z\000i\000\040\000d\000i\000\040\000t\000r\000a\000s\000p\000o\000r\000t\000o\000\040\000d\000i\000\040\000d\000a\000t\000i}{section.4}% 14
\BOOKMARK [2][-]{subsection.4.2}{\376\377\000C\000o\000m\000u\000n\000i\000c\000a\000z\000i\000o\000n\000e\000\040\000v\000i\000a\000\040\000s\000o\000c\000k\000e\000t}{section.4}% 15
\BOOKMARK [2][-]{subsection.4.3}{\376\377\000P\000r\000o\000g\000e\000t\000t\000a\000r\000e\000\040\000u\000n\000a\000\040\000A\000p\000p\000l\000i\000c\000a\000z\000i\000o\000n\000e\000\040\000c\000o\000n\000\040\000l\000e\000\040\000S\000o\000c\000k\000e\000t}{section.4}% 16
\BOOKMARK [1][-]{section.5}{\376\377\000A\000r\000c\000h\000i\000t\000e\000t\000t\000u\000r\000a\000\040\000d\000e\000i\000\040\000S\000e\000r\000v\000e\000r}{}% 17
\BOOKMARK [2][-]{subsection.5.1}{\376\377\000S\000e\000r\000v\000e\000r\000\040\000I\000t\000e\000r\000a\000t\000i\000v\000i}{section.5}% 18
\BOOKMARK [2][-]{subsection.5.2}{\376\377\000S\000e\000r\000v\000e\000r\000\040\000C\000o\000n\000c\000o\000r\000r\000e\000n\000t\000i}{section.5}% 19
\BOOKMARK [1][-]{section.6}{\376\377\000A\000r\000c\000h\000i\000t\000e\000t\000t\000u\000r\000a\000\040\000d\000e\000l\000\040\000W\000e\000b}{}% 20
\BOOKMARK [2][-]{subsection.6.1}{\376\377\000B\000r\000o\000w\000s\000e\000r}{section.6}% 21
\BOOKMARK [2][-]{subsection.6.2}{\376\377\000W\000e\000b\000\040\000p\000a\000g\000e}{section.6}% 22
\BOOKMARK [2][-]{subsection.6.3}{\376\377\000W\000e\000b\000\040\000s\000e\000r\000v\000e\000r}{section.6}% 23
\BOOKMARK [2][-]{subsection.6.4}{\376\377\000U\000R\000L\000\040\000\050\000U\000n\000i\000f\000o\000r\000m\000\040\000R\000e\000s\000o\000u\000r\000c\000e\000\040\000L\000o\000c\000a\000t\000o\000r\000\051}{section.6}% 24
\BOOKMARK [2][-]{subsection.6.5}{\376\377\000L\000i\000n\000g\000u\000a\000g\000g\000i\000\040\000d\000e\000l\000\040\000w\000e\000b}{section.6}% 25
\BOOKMARK [1][-]{section.7}{\376\377\000M\000e\000s\000s\000a\000g\000e\000\040\000O\000r\000i\000e\000n\000t\000e\000d\000\040\000C\000o\000m\000u\000n\000i\000c\000a\000t\000i\000o\000n}{}% 26
\BOOKMARK [2][-]{subsection.7.1}{\376\377\000I\000l\000\040\000p\000r\000o\000t\000o\000c\000o\000l\000l\000o\000\040\000H\000T\000T\000P}{section.7}% 27
\BOOKMARK [2][-]{subsection.7.2}{\376\377\000F\000o\000r\000m\000a\000t\000o\000\040\000d\000e\000i\000\040\000m\000e\000s\000s\000a\000g\000g\000i\000\040\000H\000T\000T\000P}{section.7}% 28
\BOOKMARK [2][-]{subsection.7.3}{\376\377\000C\000o\000d\000i\000c\000i\000\040\000d\000i\000\040\000r\000i\000s\000p\000o\000s\000t\000a}{section.7}% 29
\BOOKMARK [2][-]{subsection.7.4}{\376\377\000T\000i\000p\000i\000\040\000d\000i\000\040\000c\000o\000m\000u\000n\000i\000c\000a\000z\000i\000o\000n\000e}{section.7}% 30
\BOOKMARK [2][-]{subsection.7.5}{\376\377\000M\000e\000s\000s\000a\000g\000e\000\040\000Q\000u\000e\000i\000n\000g}{section.7}% 31
\BOOKMARK [1][-]{section.8}{\376\377\000A\000p\000p\000l\000i\000c\000a\000z\000i\000o\000n\000i\000\040\000W\000e\000b}{}% 32
\BOOKMARK [2][-]{subsection.8.1}{\376\377\000J\000a\000v\000a\000\040\000S\000e\000r\000v\000l\000e\000t}{section.8}% 33
\BOOKMARK [2][-]{subsection.8.2}{\376\377\000P\000a\000t\000t\000e\000r\000n\000\040\000M\000V\000C}{section.8}% 34
\BOOKMARK [1][-]{section.9}{\376\377\000S\000e\000r\000v\000i\000z\000i\000\040\000e\000\040\000S\000O\000A\000P}{}% 35
\BOOKMARK [2][-]{subsection.9.1}{\376\377\000W\000e\000b\000\040\000S\000e\000r\000v\000i\000c\000e}{section.9}% 36
\BOOKMARK [2][-]{subsection.9.2}{\376\377\000S\000e\000r\000v\000i\000c\000e\000\040\000M\000o\000d\000e\000l\000:\000\040\000S\000L\000A}{section.9}% 37
\BOOKMARK [2][-]{subsection.9.3}{\376\377\000C\000o\000m\000p\000o\000s\000i\000z\000i\000o\000n\000e\000\040\000d\000i\000\040\000S\000e\000r\000v\000i\000z\000i}{section.9}% 38
\BOOKMARK [2][-]{subsection.9.4}{\376\377\000W\000S\000D\000L}{section.9}% 39
\BOOKMARK [2][-]{subsection.9.5}{\376\377\000S\000O\000A\000P}{section.9}% 40
\BOOKMARK [1][-]{section.10}{\376\377\000R\000E\000S\000T}{}% 41
\BOOKMARK [2][-]{subsection.10.1}{\376\377\000C\000o\000s\000t\000r\000u\000z\000i\000o\000n\000e\000\040\000d\000i\000\040\000u\000n\000\040\000s\000e\000r\000v\000i\000z\000i\000o\000\040\000R\000E\000S\000T}{section.10}% 42
\BOOKMARK [1][-]{section.11}{\376\377\000H\000T\000M\000L\000+\000\050\000D\000O\000M\000\051\000+\000C\000S\000S}{}% 43
\BOOKMARK [2][-]{subsection.11.1}{\376\377\000L\000i\000n\000g\000u\000a\000g\000g\000i\000\040\000d\000i\000\040\000M\000a\000r\000k\000u\000p}{section.11}% 44
\BOOKMARK [2][-]{subsection.11.2}{\376\377\000H\000T\000M\000L}{section.11}% 45
\BOOKMARK [2][-]{subsection.11.3}{\376\377\000C\000S\000S}{section.11}% 46
\BOOKMARK [3][-]{subsubsection.11.3.1}{\376\377\000S\000e\000l\000e\000c\000t\000o\000r\000s}{subsection.11.3}% 47
\BOOKMARK [3][-]{subsubsection.11.3.2}{\376\377\000M\000e\000d\000i\000a\000\040\000Q\000u\000e\000r\000y}{subsection.11.3}% 48
\BOOKMARK [3][-]{subsubsection.11.3.3}{\376\377\000P\000e\000r\000c\000h\000\350\000\040\000c\000a\000s\000c\000a\000d\000i\000n\000g\000?}{subsection.11.3}% 49
\BOOKMARK [2][-]{subsection.11.4}{\376\377\000D\000O\000M}{section.11}% 50
